<?xml version="1.0" encoding="UTF-8"?>
<testng-results skipped="0" failed="0" ignored="0" total="1" passed="1">
  <reporter-output>
    <line>
      <![CDATA[Suite Execution startsTue Apr 14 21:13:42 IST 2020]]>
    </line>
    <line>
      <![CDATA[scriptOne Script Execution startsTue Apr 14 21:13:54 IST 2020]]>
    </line>
    <line>
      <![CDATA[scriptOne Script Execution success]]>
    </line>
  </reporter-output>
  <suite name="Default suite" duration-ms="62924" started-at="2020-04-14T21:13:42 IST" finished-at="2020-04-14T21:14:45 IST">
    <groups>
    </groups>
    <test name="Default test" duration-ms="62924" started-at="2020-04-14T21:13:42 IST" finished-at="2020-04-14T21:14:45 IST">
      <class name="Assisgment.Assignments6">
        <test-method status="PASS" signature="setUp()[pri:0, instance:Assisgment.Assignments6@6b09bb57]" name="setUp" is-config="true" duration-ms="11641" started-at="2020-04-14T21:13:42 IST" finished-at="2020-04-14T21:13:54 IST">
          <reporter-output>
          </reporter-output>
        </test-method> <!-- setUp -->
        <test-method status="PASS" signature="scriptOne()[pri:0, instance:Assisgment.Assignments6@6b09bb57]" name="scriptOne" duration-ms="51088" started-at="2020-04-14T21:13:54 IST" finished-at="2020-04-14T21:14:45 IST">
          <reporter-output>
            <line>
              <![CDATA[scriptOne Script Execution startsTue Apr 14 21:13:54 IST 2020]]>
            </line>
            <line>
              <![CDATA[scriptOne Script Execution success]]>
            </line>
          </reporter-output>
        </test-method> <!-- scriptOne -->
        <test-method status="PASS" signature="tearDown()[pri:0, instance:Assisgment.Assignments6@6b09bb57]" name="tearDown" is-config="true" duration-ms="0" started-at="2020-04-14T21:14:45 IST" finished-at="2020-04-14T21:14:45 IST">
          <reporter-output>
          </reporter-output>
        </test-method> <!-- tearDown -->
      </class> <!-- Assisgment.Assignments6 -->
    </test> <!-- Default test -->
  </suite> <!-- Default suite -->
</testng-results>
